2026-05-13T15:38:07.633+02:00  INFO 4397 --- [rysolvia] [restartedMain] c.boymask.rysolvia.RysolviaApplication   : Starting RysolviaApplication using Java 21.0.10 with PID 4397 (/home/giovanni/spring_boot/rysolvia/target/classes started by giovanni in /home/giovanni/spring_boot/rysolvia)
2026-05-13T15:38:07.641+02:00 DEBUG 4397 --- [rysolvia] [restartedMain] c.boymask.rysolvia.RysolviaApplication   : Running with Spring Boot v3.2.5, Spring v6.1.6
2026-05-13T15:38:07.642+02:00  INFO 4397 --- [rysolvia] [restartedMain] c.boymask.rysolvia.RysolviaApplication   : No active profile set, falling back to 1 default profile: "default"
2026-05-13T15:38:07.681+02:00  INFO 4397 --- [rysolvia] [restartedMain] .e.DevToolsPropertyDefaultsPostProcessor : Devtools property defaults active! Set 'spring.devtools.add-properties' to 'false' to disable
2026-05-13T15:38:07.681+02:00  INFO 4397 --- [rysolvia] [restartedMain] .e.DevToolsPropertyDefaultsPostProcessor : For additional web related logging consider setting the 'logging.level.web' property to 'DEBUG'
2026-05-13T15:38:08.406+02:00  INFO 4397 --- [rysolvia] [restartedMain] .s.d.r.c.RepositoryConfigurationDelegate : Bootstrapping Spring Data JPA repositories in DEFAULT mode.
2026-05-13T15:38:08.448+02:00  INFO 4397 --- [rysolvia] [restartedMain] .s.d.r.c.RepositoryConfigurationDelegate : Finished Spring Data repository scanning in 36 ms. Found 3 JPA repository interfaces.
2026-05-13T15:38:09.033+02:00  INFO 4397 --- [rysolvia] [restartedMain] o.s.b.w.embedded.tomcat.TomcatWebServer  : Tomcat initialized with port 8080 (http)
2026-05-13T15:38:09.044+02:00  INFO 4397 --- [rysolvia] [restartedMain] o.apache.catalina.core.StandardService   : Starting service [Tomcat]
2026-05-13T15:38:09.044+02:00  INFO 4397 --- [rysolvia] [restartedMain] o.apache.catalina.core.StandardEngine    : Starting Servlet engine: [Apache Tomcat/10.1.20]
2026-05-13T15:38:09.085+02:00  INFO 4397 --- [rysolvia] [restartedMain] o.a.c.c.C.[Tomcat].[localhost].[/]       : Initializing Spring embedded WebApplicationContext
2026-05-13T15:38:09.086+02:00  INFO 4397 --- [rysolvia] [restartedMain] w.s.c.ServletWebServerApplicationContext : Root WebApplicationContext: initialization completed in 1403 ms
2026-05-13T15:38:09.287+02:00  INFO 4397 --- [rysolvia] [restartedMain] o.hibernate.jpa.internal.util.LogHelper  : HHH000204: Processing PersistenceUnitInfo [name: default]
2026-05-13T15:38:09.329+02:00  INFO 4397 --- [rysolvia] [restartedMain] org.hibernate.Version                    : HHH000412: Hibernate ORM core version 6.4.4.Final
2026-05-13T15:38:09.355+02:00  INFO 4397 --- [rysolvia] [restartedMain] o.h.c.internal.RegionFactoryInitiator    : HHH000026: Second-level cache disabled
2026-05-13T15:38:09.519+02:00  INFO 4397 --- [rysolvia] [restartedMain] o.s.o.j.p.SpringPersistenceUnitInfo      : No LoadTimeWeaver setup: ignoring JPA class transformer
2026-05-13T15:38:09.538+02:00  INFO 4397 --- [rysolvia] [restartedMain] com.zaxxer.hikari.HikariDataSource       : HikariPool-1 - Starting...
2026-05-13T15:38:09.654+02:00  INFO 4397 --- [rysolvia] [restartedMain] com.zaxxer.hikari.pool.HikariPool        : HikariPool-1 - Added connection org.postgresql.jdbc.PgConnection@75116df8
2026-05-13T15:38:09.655+02:00  INFO 4397 --- [rysolvia] [restartedMain] com.zaxxer.hikari.HikariDataSource       : HikariPool-1 - Start completed.
2026-05-13T15:38:09.686+02:00  WARN 4397 --- [rysolvia] [restartedMain] org.hibernate.orm.deprecation            : HHH90000025: PostgreSQLDialect does not need to be specified explicitly using 'hibernate.dialect' (remove the property setting and it will be selected by default)
2026-05-13T15:38:10.206+02:00  INFO 4397 --- [rysolvia] [restartedMain] o.h.e.t.j.p.i.JtaPlatformInitiator       : HHH000489: No JTA platform available (set 'hibernate.transaction.jta.platform' to enable JTA platform integration)
2026-05-13T15:38:10.252+02:00  INFO 4397 --- [rysolvia] [restartedMain] j.LocalContainerEntityManagerFactoryBean : Initialized JPA EntityManagerFactory for persistence unit 'default'
2026-05-13T15:38:10.575+02:00  INFO 4397 --- [rysolvia] [restartedMain] o.s.d.j.r.query.QueryEnhancerFactory     : Hibernate is in classpath; If applicable, HQL parser will be used.
2026-05-13T15:38:10.822+02:00  WARN 4397 --- [rysolvia] [restartedMain] JpaBaseConfiguration$JpaWebConfiguration : spring.jpa.open-in-view is enabled by default. Therefore, database queries may be performed during view rendering. Explicitly configure spring.jpa.open-in-view to disable this warning
2026-05-13T15:38:11.293+02:00  INFO 4397 --- [rysolvia] [restartedMain] o.s.s.web.DefaultSecurityFilterChain     : Will secure any request with [org.springframework.security.web.session.DisableEncodeUrlFilter@388d8d30, org.springframework.security.web.context.request.async.WebAsyncManagerIntegrationFilter@51b54f3, org.springframework.security.web.context.SecurityContextHolderFilter@63d32ce7, org.springframework.security.web.header.HeaderWriterFilter@25133169, org.springframework.web.filter.CorsFilter@2691757b, org.springframework.security.web.authentication.logout.LogoutFilter@337b7568, org.springframework.security.web.authentication.UsernamePasswordAuthenticationFilter@17491cd7, org.springframework.security.web.savedrequest.RequestCacheAwareFilter@36b6c548, org.springframework.security.web.servletapi.SecurityContextHolderAwareRequestFilter@7418999b, org.springframework.security.web.authentication.AnonymousAuthenticationFilter@391ea2c5, org.springframework.security.web.access.ExceptionTranslationFilter@41abe42b, org.springframework.security.web.access.intercept.AuthorizationFilter@5feab3d8]
2026-05-13T15:38:11.758+02:00  INFO 4397 --- [rysolvia] [restartedMain] o.s.b.d.a.OptionalLiveReloadServer       : LiveReload server is running on port 35729
2026-05-13T15:38:11.801+02:00  INFO 4397 --- [rysolvia] [restartedMain] o.s.b.w.embedded.tomcat.TomcatWebServer  : Tomcat started on port 8080 (http) with context path ''
2026-05-13T15:38:11.865+02:00  INFO 4397 --- [rysolvia] [restartedMain] o.s.b.w.embedded.tomcat.TomcatWebServer  : Tomcat initialized with port 10000 (http)
2026-05-13T15:38:11.866+02:00  INFO 4397 --- [rysolvia] [restartedMain] o.apache.catalina.core.StandardService   : Starting service [Tomcat]
2026-05-13T15:38:11.866+02:00  INFO 4397 --- [rysolvia] [restartedMain] o.apache.catalina.core.StandardEngine    : Starting Servlet engine: [Apache Tomcat/10.1.20]
2026-05-13T15:38:11.876+02:00  INFO 4397 --- [rysolvia] [restartedMain] o.a.c.c.C.[Tomcat-1].[localhost].[/]     : Initializing Spring embedded WebApplicationContext
2026-05-13T15:38:11.876+02:00  INFO 4397 --- [rysolvia] [restartedMain] w.s.c.ServletWebServerApplicationContext : Root WebApplicationContext: initialization completed in 71 ms
2026-05-13T15:38:11.892+02:00  INFO 4397 --- [rysolvia] [restartedMain] o.s.b.a.e.web.EndpointLinksResolver      : Exposing 14 endpoint(s) beneath base path '/actuator'
2026-05-13T15:38:11.947+02:00  INFO 4397 --- [rysolvia] [restartedMain] o.s.b.w.embedded.tomcat.TomcatWebServer  : Tomcat started on port 10000 (http) with context path ''
2026-05-13T15:38:11.958+02:00  INFO 4397 --- [rysolvia] [restartedMain] c.boymask.rysolvia.RysolviaApplication   : Started RysolviaApplication in 4.616 seconds (process running for 4.932)
2026-05-13T15:38:17.456+02:00  WARN 4397 --- [rysolvia] [registrationTask1] d.c.b.a.c.r.ApplicationRegistrator       : Failed to register application as Application(name=rysolvia, managementUrl=http://0.0.0.0:10000/actuator, healthUrl=http://0.0.0.0:10000/actuator/health, serviceUrl=http://0.0.0.0:8080/) at spring-boot-admin ([https://adminserver-qfva.onrender.com/instances]): I/O error on POST request for "https://adminserver-qfva.onrender.com/instances": timeout. Further attempts are logged on DEBUG level
2026-05-13T15:38:38.195+02:00  INFO 4397 --- [rysolvia] [http-nio-0.0.0.0-8080-exec-1] o.a.c.c.C.[Tomcat].[localhost].[/]       : Initializing Spring DispatcherServlet 'dispatcherServlet'
2026-05-13T15:38:38.195+02:00  INFO 4397 --- [rysolvia] [http-nio-0.0.0.0-8080-exec-1] o.s.web.servlet.DispatcherServlet        : Initializing Servlet 'dispatcherServlet'
2026-05-13T15:38:38.196+02:00  INFO 4397 --- [rysolvia] [http-nio-0.0.0.0-8080-exec-1] o.s.web.servlet.DispatcherServlet        : Completed initialization in 1 ms
2026-05-13T15:38:43.548+02:00  WARN 4397 --- [rysolvia] [http-nio-0.0.0.0-8080-exec-2] .m.m.a.ExceptionHandlerExceptionResolver : Resolved [org.springframework.web.servlet.resource.NoResourceFoundException: No static resource logs.]
2026-05-13T15:39:03.907+02:00  WARN 4397 --- [rysolvia] [http-nio-0.0.0.0-8080-exec-3] .m.m.a.ExceptionHandlerExceptionResolver : Resolved [org.springframework.web.servlet.resource.NoResourceFoundException: No static resource home.]
2026-05-13T15:39:42.373+02:00  INFO 4397 --- [rysolvia] [registrationTask1] d.c.b.a.c.r.ApplicationRegistrator       : Application registered itself as ba170f80049b
2026-05-13T15:39:45.181+02:00  WARN 4397 --- [rysolvia] [http-nio-0.0.0.0-8080-exec-4] .m.m.a.ExceptionHandlerExceptionResolver : Resolved [org.springframework.web.servlet.resource.NoResourceFoundException: No static resource ewb/home.]
2026-05-13T15:40:38.655+02:00  INFO 4397 --- [rysolvia] [SpringApplicationShutdownHook] j.LocalContainerEntityManagerFactoryBean : Closing JPA EntityManagerFactory for persistence unit 'default'
2026-05-13T15:40:38.657+02:00  INFO 4397 --- [rysolvia] [SpringApplicationShutdownHook] com.zaxxer.hikari.HikariDataSource       : HikariPool-1 - Shutdown initiated...
2026-05-13T15:40:38.660+02:00  INFO 4397 --- [rysolvia] [SpringApplicationShutdownHook] com.zaxxer.hikari.HikariDataSource       : HikariPool-1 - Shutdown completed.
2026-05-13T15:40:41.564+02:00  INFO 6291 --- [rysolvia] [restartedMain] c.boymask.rysolvia.RysolviaApplication   : Starting RysolviaApplication using Java 21.0.10 with PID 6291 (/home/giovanni/spring_boot/rysolvia/target/classes started by giovanni in /home/giovanni/spring_boot/rysolvia)
2026-05-13T15:40:41.565+02:00 DEBUG 6291 --- [rysolvia] [restartedMain] c.boymask.rysolvia.RysolviaApplication   : Running with Spring Boot v3.2.5, Spring v6.1.6
2026-05-13T15:40:41.566+02:00  INFO 6291 --- [rysolvia] [restartedMain] c.boymask.rysolvia.RysolviaApplication   : No active profile set, falling back to 1 default profile: "default"
2026-05-13T15:40:41.593+02:00  INFO 6291 --- [rysolvia] [restartedMain] .e.DevToolsPropertyDefaultsPostProcessor : Devtools property defaults active! Set 'spring.devtools.add-properties' to 'false' to disable
2026-05-13T15:40:41.593+02:00  INFO 6291 --- [rysolvia] [restartedMain] .e.DevToolsPropertyDefaultsPostProcessor : For additional web related logging consider setting the 'logging.level.web' property to 'DEBUG'
2026-05-13T15:40:42.242+02:00  INFO 6291 --- [rysolvia] [restartedMain] .s.d.r.c.RepositoryConfigurationDelegate : Bootstrapping Spring Data JPA repositories in DEFAULT mode.
2026-05-13T15:40:42.278+02:00  INFO 6291 --- [rysolvia] [restartedMain] .s.d.r.c.RepositoryConfigurationDelegate : Finished Spring Data repository scanning in 30 ms. Found 3 JPA repository interfaces.
2026-05-13T15:40:42.775+02:00  INFO 6291 --- [rysolvia] [restartedMain] o.s.b.w.embedded.tomcat.TomcatWebServer  : Tomcat initialized with port 8080 (http)
2026-05-13T15:40:42.783+02:00  INFO 6291 --- [rysolvia] [restartedMain] o.apache.catalina.core.StandardService   : Starting service [Tomcat]
2026-05-13T15:40:42.783+02:00  INFO 6291 --- [rysolvia] [restartedMain] o.apache.catalina.core.StandardEngine    : Starting Servlet engine: [Apache Tomcat/10.1.20]
2026-05-13T15:40:42.821+02:00  INFO 6291 --- [rysolvia] [restartedMain] o.a.c.c.C.[Tomcat].[localhost].[/]       : Initializing Spring embedded WebApplicationContext
2026-05-13T15:40:42.821+02:00  INFO 6291 --- [rysolvia] [restartedMain] w.s.c.ServletWebServerApplicationContext : Root WebApplicationContext: initialization completed in 1228 ms
2026-05-13T15:40:43.021+02:00  INFO 6291 --- [rysolvia] [restartedMain] o.hibernate.jpa.internal.util.LogHelper  : HHH000204: Processing PersistenceUnitInfo [name: default]
2026-05-13T15:40:43.050+02:00  INFO 6291 --- [rysolvia] [restartedMain] org.hibernate.Version                    : HHH000412: Hibernate ORM core version 6.4.4.Final
2026-05-13T15:40:43.068+02:00  INFO 6291 --- [rysolvia] [restartedMain] o.h.c.internal.RegionFactoryInitiator    : HHH000026: Second-level cache disabled
2026-05-13T15:40:43.189+02:00  INFO 6291 --- [rysolvia] [restartedMain] o.s.o.j.p.SpringPersistenceUnitInfo      : No LoadTimeWeaver setup: ignoring JPA class transformer
2026-05-13T15:40:43.203+02:00  INFO 6291 --- [rysolvia] [restartedMain] com.zaxxer.hikari.HikariDataSource       : HikariPool-1 - Starting...
2026-05-13T15:40:43.327+02:00  INFO 6291 --- [rysolvia] [restartedMain] com.zaxxer.hikari.pool.HikariPool        : HikariPool-1 - Added connection org.postgresql.jdbc.PgConnection@24e54e1e
2026-05-13T15:40:43.329+02:00  INFO 6291 --- [rysolvia] [restartedMain] com.zaxxer.hikari.HikariDataSource       : HikariPool-1 - Start completed.
2026-05-13T15:40:43.351+02:00  WARN 6291 --- [rysolvia] [restartedMain] org.hibernate.orm.deprecation            : HHH90000025: PostgreSQLDialect does not need to be specified explicitly using 'hibernate.dialect' (remove the property setting and it will be selected by default)
2026-05-13T15:40:43.811+02:00  INFO 6291 --- [rysolvia] [restartedMain] o.h.e.t.j.p.i.JtaPlatformInitiator       : HHH000489: No JTA platform available (set 'hibernate.transaction.jta.platform' to enable JTA platform integration)
2026-05-13T15:40:43.840+02:00  INFO 6291 --- [rysolvia] [restartedMain] j.LocalContainerEntityManagerFactoryBean : Initialized JPA EntityManagerFactory for persistence unit 'default'
2026-05-13T15:40:44.167+02:00  INFO 6291 --- [rysolvia] [restartedMain] o.s.d.j.r.query.QueryEnhancerFactory     : Hibernate is in classpath; If applicable, HQL parser will be used.
2026-05-13T15:40:44.410+02:00  WARN 6291 --- [rysolvia] [restartedMain] JpaBaseConfiguration$JpaWebConfiguration : spring.jpa.open-in-view is enabled by default. Therefore, database queries may be performed during view rendering. Explicitly configure spring.jpa.open-in-view to disable this warning
2026-05-13T15:40:44.839+02:00  INFO 6291 --- [rysolvia] [restartedMain] o.s.s.web.DefaultSecurityFilterChain     : Will secure any request with [org.springframework.security.web.session.DisableEncodeUrlFilter@679d9315, org.springframework.security.web.context.request.async.WebAsyncManagerIntegrationFilter@3ac4861b, org.springframework.security.web.context.SecurityContextHolderFilter@4bf9100b, org.springframework.security.web.header.HeaderWriterFilter@5d248764, org.springframework.web.filter.CorsFilter@5f1baf84, org.springframework.security.web.authentication.logout.LogoutFilter@56493b2f, org.springframework.security.web.authentication.UsernamePasswordAuthenticationFilter@737da10a, org.springframework.security.web.savedrequest.RequestCacheAwareFilter@3f55e035, org.springframework.security.web.servletapi.SecurityContextHolderAwareRequestFilter@5254fa5b, org.springframework.security.web.authentication.AnonymousAuthenticationFilter@6ea2c46b, org.springframework.security.web.access.ExceptionTranslationFilter@6322ee9d, org.springframework.security.web.access.intercept.AuthorizationFilter@45839f82]
2026-05-13T15:40:45.257+02:00  INFO 6291 --- [rysolvia] [restartedMain] o.s.b.d.a.OptionalLiveReloadServer       : LiveReload server is running on port 35729
2026-05-13T15:40:45.295+02:00  INFO 6291 --- [rysolvia] [restartedMain] o.s.b.w.embedded.tomcat.TomcatWebServer  : Tomcat started on port 8080 (http) with context path ''
2026-05-13T15:40:45.352+02:00  INFO 6291 --- [rysolvia] [restartedMain] o.s.b.w.embedded.tomcat.TomcatWebServer  : Tomcat initialized with port 10000 (http)
2026-05-13T15:40:45.352+02:00  INFO 6291 --- [rysolvia] [restartedMain] o.apache.catalina.core.StandardService   : Starting service [Tomcat]
2026-05-13T15:40:45.353+02:00  INFO 6291 --- [rysolvia] [restartedMain] o.apache.catalina.core.StandardEngine    : Starting Servlet engine: [Apache Tomcat/10.1.20]
2026-05-13T15:40:45.361+02:00  INFO 6291 --- [rysolvia] [restartedMain] o.a.c.c.C.[Tomcat-1].[localhost].[/]     : Initializing Spring embedded WebApplicationContext
2026-05-13T15:40:45.361+02:00  INFO 6291 --- [rysolvia] [restartedMain] w.s.c.ServletWebServerApplicationContext : Root WebApplicationContext: initialization completed in 63 ms
2026-05-13T15:40:45.373+02:00  INFO 6291 --- [rysolvia] [restartedMain] o.s.b.a.e.web.EndpointLinksResolver      : Exposing 14 endpoint(s) beneath base path '/actuator'
2026-05-13T15:40:45.407+02:00  INFO 6291 --- [rysolvia] [restartedMain] o.s.b.w.embedded.tomcat.TomcatWebServer  : Tomcat started on port 10000 (http) with context path ''
2026-05-13T15:40:45.418+02:00  INFO 6291 --- [rysolvia] [restartedMain] c.boymask.rysolvia.RysolviaApplication   : Started RysolviaApplication in 4.099 seconds (process running for 4.342)
2026-05-13T15:40:46.311+02:00  INFO 6291 --- [rysolvia] [registrationTask1] d.c.b.a.c.r.ApplicationRegistrator       : Application registered itself as ba170f80049b
2026-05-13T15:40:50.893+02:00  INFO 6291 --- [rysolvia] [http-nio-0.0.0.0-8080-exec-1] o.a.c.c.C.[Tomcat].[localhost].[/]       : Initializing Spring DispatcherServlet 'dispatcherServlet'
2026-05-13T15:40:50.894+02:00  INFO 6291 --- [rysolvia] [http-nio-0.0.0.0-8080-exec-1] o.s.web.servlet.DispatcherServlet        : Initializing Servlet 'dispatcherServlet'
2026-05-13T15:40:50.895+02:00  INFO 6291 --- [rysolvia] [http-nio-0.0.0.0-8080-exec-1] o.s.web.servlet.DispatcherServlet        : Completed initialization in 1 ms
2026-05-13T15:40:50.929+02:00  WARN 6291 --- [rysolvia] [http-nio-0.0.0.0-8080-exec-1] .m.m.a.ExceptionHandlerExceptionResolver : Resolved [org.springframework.web.servlet.resource.NoResourceFoundException: No static resource logs.]
2026-05-13T15:41:09.184+02:00  WARN 6291 --- [rysolvia] [http-nio-0.0.0.0-8080-exec-7] actStandardFragmentInsertionTagProcessor : [THYMELEAF][http-nio-0.0.0.0-8080-exec-7][home] Deprecated unwrapped fragment expression "fragments/navbar :: navbar" found in template home, line 15, col 6. Please use the complete syntax of fragment expressions instead ("~{fragments/navbar :: navbar}"). The old, unwrapped syntax for fragment expressions will be removed in future versions of Thymeleaf.
2026-05-13T15:42:24.890+02:00  INFO 6291 --- [rysolvia] [SpringApplicationShutdownHook] j.LocalContainerEntityManagerFactoryBean : Closing JPA EntityManagerFactory for persistence unit 'default'
2026-05-13T15:42:24.893+02:00  INFO 6291 --- [rysolvia] [SpringApplicationShutdownHook] com.zaxxer.hikari.HikariDataSource       : HikariPool-1 - Shutdown initiated...
2026-05-13T15:42:24.896+02:00  INFO 6291 --- [rysolvia] [SpringApplicationShutdownHook] com.zaxxer.hikari.HikariDataSource       : HikariPool-1 - Shutdown completed.
2026-05-13T15:42:28.770+02:00  INFO 7347 --- [rysolvia] [restartedMain] c.boymask.rysolvia.RysolviaApplication   : Starting RysolviaApplication using Java 21.0.10 with PID 7347 (/home/giovanni/spring_boot/rysolvia/target/classes started by giovanni in /home/giovanni/spring_boot/rysolvia)
2026-05-13T15:42:28.771+02:00 DEBUG 7347 --- [rysolvia] [restartedMain] c.boymask.rysolvia.RysolviaApplication   : Running with Spring Boot v3.2.5, Spring v6.1.6
2026-05-13T15:42:28.771+02:00  INFO 7347 --- [rysolvia] [restartedMain] c.boymask.rysolvia.RysolviaApplication   : No active profile set, falling back to 1 default profile: "default"
2026-05-13T15:42:28.797+02:00  INFO 7347 --- [rysolvia] [restartedMain] .e.DevToolsPropertyDefaultsPostProcessor : Devtools property defaults active! Set 'spring.devtools.add-properties' to 'false' to disable
2026-05-13T15:42:28.798+02:00  INFO 7347 --- [rysolvia] [restartedMain] .e.DevToolsPropertyDefaultsPostProcessor : For additional web related logging consider setting the 'logging.level.web' property to 'DEBUG'
2026-05-13T15:42:29.444+02:00  INFO 7347 --- [rysolvia] [restartedMain] .s.d.r.c.RepositoryConfigurationDelegate : Bootstrapping Spring Data JPA repositories in DEFAULT mode.
2026-05-13T15:42:29.478+02:00  INFO 7347 --- [rysolvia] [restartedMain] .s.d.r.c.RepositoryConfigurationDelegate : Finished Spring Data repository scanning in 29 ms. Found 3 JPA repository interfaces.
2026-05-13T15:42:29.961+02:00  INFO 7347 --- [rysolvia] [restartedMain] o.s.b.w.embedded.tomcat.TomcatWebServer  : Tomcat initialized with port 8080 (http)
2026-05-13T15:42:29.969+02:00  INFO 7347 --- [rysolvia] [restartedMain] o.apache.catalina.core.StandardService   : Starting service [Tomcat]
2026-05-13T15:42:29.970+02:00  INFO 7347 --- [rysolvia] [restartedMain] o.apache.catalina.core.StandardEngine    : Starting Servlet engine: [Apache Tomcat/10.1.20]
2026-05-13T15:42:30.004+02:00  INFO 7347 --- [rysolvia] [restartedMain] o.a.c.c.C.[Tomcat].[localhost].[/]       : Initializing Spring embedded WebApplicationContext
2026-05-13T15:42:30.005+02:00  INFO 7347 --- [rysolvia] [restartedMain] w.s.c.ServletWebServerApplicationContext : Root WebApplicationContext: initialization completed in 1207 ms
2026-05-13T15:42:30.205+02:00  INFO 7347 --- [rysolvia] [restartedMain] o.hibernate.jpa.internal.util.LogHelper  : HHH000204: Processing PersistenceUnitInfo [name: default]
2026-05-13T15:42:30.233+02:00  INFO 7347 --- [rysolvia] [restartedMain] org.hibernate.Version                    : HHH000412: Hibernate ORM core version 6.4.4.Final
2026-05-13T15:42:30.252+02:00  INFO 7347 --- [rysolvia] [restartedMain] o.h.c.internal.RegionFactoryInitiator    : HHH000026: Second-level cache disabled
2026-05-13T15:42:30.372+02:00  INFO 7347 --- [rysolvia] [restartedMain] o.s.o.j.p.SpringPersistenceUnitInfo      : No LoadTimeWeaver setup: ignoring JPA class transformer
2026-05-13T15:42:30.386+02:00  INFO 7347 --- [rysolvia] [restartedMain] com.zaxxer.hikari.HikariDataSource       : HikariPool-1 - Starting...
2026-05-13T15:42:30.484+02:00  INFO 7347 --- [rysolvia] [restartedMain] com.zaxxer.hikari.pool.HikariPool        : HikariPool-1 - Added connection org.postgresql.jdbc.PgConnection@43ec5045
2026-05-13T15:42:30.485+02:00  INFO 7347 --- [rysolvia] [restartedMain] com.zaxxer.hikari.HikariDataSource       : HikariPool-1 - Start completed.
2026-05-13T15:42:30.502+02:00  WARN 7347 --- [rysolvia] [restartedMain] org.hibernate.orm.deprecation            : HHH90000025: PostgreSQLDialect does not need to be specified explicitly using 'hibernate.dialect' (remove the property setting and it will be selected by default)
2026-05-13T15:42:31.009+02:00  INFO 7347 --- [rysolvia] [restartedMain] o.h.e.t.j.p.i.JtaPlatformInitiator       : HHH000489: No JTA platform available (set 'hibernate.transaction.jta.platform' to enable JTA platform integration)
2026-05-13T15:42:31.034+02:00  INFO 7347 --- [rysolvia] [restartedMain] j.LocalContainerEntityManagerFactoryBean : Initialized JPA EntityManagerFactory for persistence unit 'default'
2026-05-13T15:42:31.374+02:00  INFO 7347 --- [rysolvia] [restartedMain] o.s.d.j.r.query.QueryEnhancerFactory     : Hibernate is in classpath; If applicable, HQL parser will be used.
2026-05-13T15:42:31.621+02:00  WARN 7347 --- [rysolvia] [restartedMain] JpaBaseConfiguration$JpaWebConfiguration : spring.jpa.open-in-view is enabled by default. Therefore, database queries may be performed during view rendering. Explicitly configure spring.jpa.open-in-view to disable this warning
2026-05-13T15:42:32.070+02:00  INFO 7347 --- [rysolvia] [restartedMain] o.s.s.web.DefaultSecurityFilterChain     : Will secure any request with [org.springframework.security.web.session.DisableEncodeUrlFilter@348cb04, org.springframework.security.web.context.request.async.WebAsyncManagerIntegrationFilter@4acc4f55, org.springframework.security.web.context.SecurityContextHolderFilter@1ad756b0, org.springframework.security.web.header.HeaderWriterFilter@3f55e035, org.springframework.web.filter.CorsFilter@2e3be3a8, org.springframework.security.web.authentication.logout.LogoutFilter@5dc31ed3, org.springframework.security.web.authentication.UsernamePasswordAuthenticationFilter@6ea2c46b, org.springframework.security.web.savedrequest.RequestCacheAwareFilter@59682ffa, org.springframework.security.web.servletapi.SecurityContextHolderAwareRequestFilter@69983378, org.springframework.security.web.authentication.AnonymousAuthenticationFilter@7a93a612, org.springframework.security.web.access.ExceptionTranslationFilter@39028f39, org.springframework.security.web.access.intercept.AuthorizationFilter@679d9315]
2026-05-13T15:42:32.505+02:00  INFO 7347 --- [rysolvia] [restartedMain] o.s.b.d.a.OptionalLiveReloadServer       : LiveReload server is running on port 35729
2026-05-13T15:42:32.546+02:00  INFO 7347 --- [rysolvia] [restartedMain] o.s.b.w.embedded.tomcat.TomcatWebServer  : Tomcat started on port 8080 (http) with context path ''
2026-05-13T15:42:32.604+02:00  INFO 7347 --- [rysolvia] [restartedMain] o.s.b.w.embedded.tomcat.TomcatWebServer  : Tomcat initialized with port 10000 (http)
2026-05-13T15:42:32.605+02:00  INFO 7347 --- [rysolvia] [restartedMain] o.apache.catalina.core.StandardService   : Starting service [Tomcat]
2026-05-13T15:42:32.605+02:00  INFO 7347 --- [rysolvia] [restartedMain] o.apache.catalina.core.StandardEngine    : Starting Servlet engine: [Apache Tomcat/10.1.20]
2026-05-13T15:42:32.613+02:00  INFO 7347 --- [rysolvia] [restartedMain] o.a.c.c.C.[Tomcat-1].[localhost].[/]     : Initializing Spring embedded WebApplicationContext
2026-05-13T15:42:32.613+02:00  INFO 7347 --- [rysolvia] [restartedMain] w.s.c.ServletWebServerApplicationContext : Root WebApplicationContext: initialization completed in 64 ms
2026-05-13T15:42:32.627+02:00  INFO 7347 --- [rysolvia] [restartedMain] o.s.b.a.e.web.EndpointLinksResolver      : Exposing 14 endpoint(s) beneath base path '/actuator'
2026-05-13T15:42:32.662+02:00  INFO 7347 --- [rysolvia] [restartedMain] o.s.b.w.embedded.tomcat.TomcatWebServer  : Tomcat started on port 10000 (http) with context path ''
2026-05-13T15:42:32.673+02:00  INFO 7347 --- [rysolvia] [restartedMain] c.boymask.rysolvia.RysolviaApplication   : Started RysolviaApplication in 4.155 seconds (process running for 4.434)
2026-05-13T15:42:33.260+02:00  INFO 7347 --- [rysolvia] [http-nio-0.0.0.0-8080-exec-1] o.a.c.c.C.[Tomcat].[localhost].[/]       : Initializing Spring DispatcherServlet 'dispatcherServlet'
2026-05-13T15:42:33.261+02:00  INFO 7347 --- [rysolvia] [http-nio-0.0.0.0-8080-exec-1] o.s.web.servlet.DispatcherServlet        : Initializing Servlet 'dispatcherServlet'
2026-05-13T15:42:33.262+02:00  INFO 7347 --- [rysolvia] [http-nio-0.0.0.0-8080-exec-1] o.s.web.servlet.DispatcherServlet        : Completed initialization in 1 ms
2026-05-13T15:42:33.504+02:00  INFO 7347 --- [rysolvia] [registrationTask1] d.c.b.a.c.r.ApplicationRegistrator       : Application registered itself as ba170f80049b
2026-05-13T15:42:42.973+02:00  WARN 7347 --- [rysolvia] [http-nio-0.0.0.0-8080-exec-7] actStandardFragmentInsertionTagProcessor : [THYMELEAF][http-nio-0.0.0.0-8080-exec-7][home] Deprecated unwrapped fragment expression "fragments/navbar :: navbar" found in template home, line 15, col 6. Please use the complete syntax of fragment expressions instead ("~{fragments/navbar :: navbar}"). The old, unwrapped syntax for fragment expressions will be removed in future versions of Thymeleaf.
2026-05-13T15:43:26.479+02:00  WARN 7347 --- [rysolvia] [http-nio-0.0.0.0-8080-exec-9] actStandardFragmentInsertionTagProcessor : [THYMELEAF][http-nio-0.0.0.0-8080-exec-9][home] Deprecated unwrapped fragment expression "fragments/navbar :: navbar" found in template home, line 15, col 6. Please use the complete syntax of fragment expressions instead ("~{fragments/navbar :: navbar}"). The old, unwrapped syntax for fragment expressions will be removed in future versions of Thymeleaf.
2026-05-13T15:43:48.350+02:00  INFO 7347 --- [rysolvia] [SpringApplicationShutdownHook] j.LocalContainerEntityManagerFactoryBean : Closing JPA EntityManagerFactory for persistence unit 'default'
2026-05-13T15:43:48.353+02:00  INFO 7347 --- [rysolvia] [SpringApplicationShutdownHook] com.zaxxer.hikari.HikariDataSource       : HikariPool-1 - Shutdown initiated...
2026-05-13T15:43:48.357+02:00  INFO 7347 --- [rysolvia] [SpringApplicationShutdownHook] com.zaxxer.hikari.HikariDataSource       : HikariPool-1 - Shutdown completed.
2026-05-13T15:43:51.866+02:00  INFO 8176 --- [rysolvia] [restartedMain] c.boymask.rysolvia.RysolviaApplication   : Starting RysolviaApplication using Java 21.0.10 with PID 8176 (/home/giovanni/spring_boot/rysolvia/target/classes started by giovanni in /home/giovanni/spring_boot/rysolvia)
2026-05-13T15:43:51.867+02:00 DEBUG 8176 --- [rysolvia] [restartedMain] c.boymask.rysolvia.RysolviaApplication   : Running with Spring Boot v3.2.5, Spring v6.1.6
2026-05-13T15:43:51.868+02:00  INFO 8176 --- [rysolvia] [restartedMain] c.boymask.rysolvia.RysolviaApplication   : No active profile set, falling back to 1 default profile: "default"
2026-05-13T15:43:51.898+02:00  INFO 8176 --- [rysolvia] [restartedMain] .e.DevToolsPropertyDefaultsPostProcessor : Devtools property defaults active! Set 'spring.devtools.add-properties' to 'false' to disable
2026-05-13T15:43:51.898+02:00  INFO 8176 --- [rysolvia] [restartedMain] .e.DevToolsPropertyDefaultsPostProcessor : For additional web related logging consider setting the 'logging.level.web' property to 'DEBUG'
2026-05-13T15:43:52.584+02:00  INFO 8176 --- [rysolvia] [restartedMain] .s.d.r.c.RepositoryConfigurationDelegate : Bootstrapping Spring Data JPA repositories in DEFAULT mode.
2026-05-13T15:43:52.619+02:00  INFO 8176 --- [rysolvia] [restartedMain] .s.d.r.c.RepositoryConfigurationDelegate : Finished Spring Data repository scanning in 30 ms. Found 3 JPA repository interfaces.
2026-05-13T15:43:53.119+02:00  INFO 8176 --- [rysolvia] [restartedMain] o.s.b.w.embedded.tomcat.TomcatWebServer  : Tomcat initialized with port 8080 (http)
2026-05-13T15:43:53.127+02:00  INFO 8176 --- [rysolvia] [restartedMain] o.apache.catalina.core.StandardService   : Starting service [Tomcat]
2026-05-13T15:43:53.128+02:00  INFO 8176 --- [rysolvia] [restartedMain] o.apache.catalina.core.StandardEngine    : Starting Servlet engine: [Apache Tomcat/10.1.20]
2026-05-13T15:43:53.161+02:00  INFO 8176 --- [rysolvia] [restartedMain] o.a.c.c.C.[Tomcat].[localhost].[/]       : Initializing Spring embedded WebApplicationContext
2026-05-13T15:43:53.161+02:00  INFO 8176 --- [rysolvia] [restartedMain] w.s.c.ServletWebServerApplicationContext : Root WebApplicationContext: initialization completed in 1263 ms
2026-05-13T15:43:53.377+02:00  INFO 8176 --- [rysolvia] [restartedMain] o.hibernate.jpa.internal.util.LogHelper  : HHH000204: Processing PersistenceUnitInfo [name: default]
2026-05-13T15:43:53.406+02:00  INFO 8176 --- [rysolvia] [restartedMain] org.hibernate.Version                    : HHH000412: Hibernate ORM core version 6.4.4.Final
2026-05-13T15:43:53.424+02:00  INFO 8176 --- [rysolvia] [restartedMain] o.h.c.internal.RegionFactoryInitiator    : HHH000026: Second-level cache disabled
2026-05-13T15:43:53.549+02:00  INFO 8176 --- [rysolvia] [restartedMain] o.s.o.j.p.SpringPersistenceUnitInfo      : No LoadTimeWeaver setup: ignoring JPA class transformer
2026-05-13T15:43:53.564+02:00  INFO 8176 --- [rysolvia] [restartedMain] com.zaxxer.hikari.HikariDataSource       : HikariPool-1 - Starting...
2026-05-13T15:43:53.663+02:00  INFO 8176 --- [rysolvia] [restartedMain] com.zaxxer.hikari.pool.HikariPool        : HikariPool-1 - Added connection org.postgresql.jdbc.PgConnection@19c28646
2026-05-13T15:43:53.664+02:00  INFO 8176 --- [rysolvia] [restartedMain] com.zaxxer.hikari.HikariDataSource       : HikariPool-1 - Start completed.
2026-05-13T15:43:53.682+02:00  WARN 8176 --- [rysolvia] [restartedMain] org.hibernate.orm.deprecation            : HHH90000025: PostgreSQLDialect does not need to be specified explicitly using 'hibernate.dialect' (remove the property setting and it will be selected by default)
2026-05-13T15:43:54.178+02:00  INFO 8176 --- [rysolvia] [restartedMain] o.h.e.t.j.p.i.JtaPlatformInitiator       : HHH000489: No JTA platform available (set 'hibernate.transaction.jta.platform' to enable JTA platform integration)
2026-05-13T15:43:54.204+02:00  INFO 8176 --- [rysolvia] [restartedMain] j.LocalContainerEntityManagerFactoryBean : Initialized JPA EntityManagerFactory for persistence unit 'default'
2026-05-13T15:43:54.532+02:00  INFO 8176 --- [rysolvia] [restartedMain] o.s.d.j.r.query.QueryEnhancerFactory     : Hibernate is in classpath; If applicable, HQL parser will be used.
2026-05-13T15:43:54.763+02:00  WARN 8176 --- [rysolvia] [restartedMain] JpaBaseConfiguration$JpaWebConfiguration : spring.jpa.open-in-view is enabled by default. Therefore, database queries may be performed during view rendering. Explicitly configure spring.jpa.open-in-view to disable this warning
2026-05-13T15:43:55.234+02:00  INFO 8176 --- [rysolvia] [restartedMain] o.s.s.web.DefaultSecurityFilterChain     : Will secure any request with [org.springframework.security.web.session.DisableEncodeUrlFilter@3f4652af, org.springframework.security.web.context.request.async.WebAsyncManagerIntegrationFilter@175814f5, org.springframework.security.web.context.SecurityContextHolderFilter@59682ffa, org.springframework.security.web.header.HeaderWriterFilter@4290fc6c, org.springframework.web.filter.CorsFilter@668f9315, org.springframework.security.web.authentication.logout.LogoutFilter@21b0238, org.springframework.security.web.authentication.UsernamePasswordAuthenticationFilter@15ab4c1, org.springframework.security.web.savedrequest.RequestCacheAwareFilter@7197d64e, org.springframework.security.web.servletapi.SecurityContextHolderAwareRequestFilter@1af7ddd8, org.springframework.security.web.authentication.AnonymousAuthenticationFilter@1cb1ae0, org.springframework.security.web.access.ExceptionTranslationFilter@66af350a, org.springframework.security.web.access.intercept.AuthorizationFilter@65acf791]
2026-05-13T15:43:55.687+02:00  INFO 8176 --- [rysolvia] [restartedMain] o.s.b.d.a.OptionalLiveReloadServer       : LiveReload server is running on port 35729
2026-05-13T15:43:55.727+02:00  INFO 8176 --- [rysolvia] [restartedMain] o.s.b.w.embedded.tomcat.TomcatWebServer  : Tomcat started on port 8080 (http) with context path ''
2026-05-13T15:43:55.789+02:00  INFO 8176 --- [rysolvia] [restartedMain] o.s.b.w.embedded.tomcat.TomcatWebServer  : Tomcat initialized with port 10000 (http)
2026-05-13T15:43:55.790+02:00  INFO 8176 --- [rysolvia] [restartedMain] o.apache.catalina.core.StandardService   : Starting service [Tomcat]
2026-05-13T15:43:55.790+02:00  INFO 8176 --- [rysolvia] [restartedMain] o.apache.catalina.core.StandardEngine    : Starting Servlet engine: [Apache Tomcat/10.1.20]
2026-05-13T15:43:55.798+02:00  INFO 8176 --- [rysolvia] [restartedMain] o.a.c.c.C.[Tomcat-1].[localhost].[/]     : Initializing Spring embedded WebApplicationContext
2026-05-13T15:43:55.799+02:00  INFO 8176 --- [rysolvia] [restartedMain] w.s.c.ServletWebServerApplicationContext : Root WebApplicationContext: initialization completed in 69 ms
2026-05-13T15:43:55.813+02:00  INFO 8176 --- [rysolvia] [restartedMain] o.s.b.a.e.web.EndpointLinksResolver      : Exposing 14 endpoint(s) beneath base path '/actuator'
2026-05-13T15:43:55.850+02:00  INFO 8176 --- [rysolvia] [restartedMain] o.s.b.w.embedded.tomcat.TomcatWebServer  : Tomcat started on port 10000 (http) with context path ''
2026-05-13T15:43:55.862+02:00  INFO 8176 --- [rysolvia] [restartedMain] c.boymask.rysolvia.RysolviaApplication   : Started RysolviaApplication in 4.262 seconds (process running for 4.507)
2026-05-13T15:43:56.569+02:00  INFO 8176 --- [rysolvia] [registrationTask1] d.c.b.a.c.r.ApplicationRegistrator       : Application registered itself as ba170f80049b
2026-05-13T15:43:57.651+02:00  INFO 8176 --- [rysolvia] [http-nio-0.0.0.0-8080-exec-1] o.a.c.c.C.[Tomcat].[localhost].[/]       : Initializing Spring DispatcherServlet 'dispatcherServlet'
2026-05-13T15:43:57.652+02:00  INFO 8176 --- [rysolvia] [http-nio-0.0.0.0-8080-exec-1] o.s.web.servlet.DispatcherServlet        : Initializing Servlet 'dispatcherServlet'
2026-05-13T15:43:57.653+02:00  INFO 8176 --- [rysolvia] [http-nio-0.0.0.0-8080-exec-1] o.s.web.servlet.DispatcherServlet        : Completed initialization in 1 ms
2026-05-13T15:43:57.798+02:00  WARN 8176 --- [rysolvia] [http-nio-0.0.0.0-8080-exec-1] actStandardFragmentInsertionTagProcessor : [THYMELEAF][http-nio-0.0.0.0-8080-exec-1][home] Deprecated unwrapped fragment expression "fragments/navbar :: navbar" found in template home, line 15, col 6. Please use the complete syntax of fragment expressions instead ("~{fragments/navbar :: navbar}"). The old, unwrapped syntax for fragment expressions will be removed in future versions of Thymeleaf.
2026-05-13T15:43:59.315+02:00  WARN 8176 --- [rysolvia] [http-nio-0.0.0.0-8080-exec-2] actStandardFragmentInsertionTagProcessor : [THYMELEAF][http-nio-0.0.0.0-8080-exec-2][home] Deprecated unwrapped fragment expression "fragments/navbar :: navbar" found in template home, line 15, col 6. Please use the complete syntax of fragment expressions instead ("~{fragments/navbar :: navbar}"). The old, unwrapped syntax for fragment expressions will be removed in future versions of Thymeleaf.
2026-05-13T15:44:04.680+02:00  WARN 8176 --- [rysolvia] [http-nio-0.0.0.0-8080-exec-5] actStandardFragmentInsertionTagProcessor : [THYMELEAF][http-nio-0.0.0.0-8080-exec-5][home] Deprecated unwrapped fragment expression "fragments/navbar :: navbar" found in template home, line 15, col 6. Please use the complete syntax of fragment expressions instead ("~{fragments/navbar :: navbar}"). The old, unwrapped syntax for fragment expressions will be removed in future versions of Thymeleaf.
2026-05-13T15:46:28.250+02:00  WARN 8176 --- [rysolvia] [http-nio-0.0.0.0-8080-exec-7] actStandardFragmentInsertionTagProcessor : [THYMELEAF][http-nio-0.0.0.0-8080-exec-7][home] Deprecated unwrapped fragment expression "fragments/navbar :: navbar" found in template home, line 15, col 6. Please use the complete syntax of fragment expressions instead ("~{fragments/navbar :: navbar}"). The old, unwrapped syntax for fragment expressions will be removed in future versions of Thymeleaf.
